{
  "timestamp": "2025-01-05T01:36:42.299Z",
  "type": "smtp_verification_success",
  "success": true
}
{
  "timestamp": "2025-01-05T01:38:59.755Z",
  "type": "smtp_verification_success",
  "success": true
}
{
  "timestamp": "2025-01-05T01:46:09.710Z",
  "type": "smtp_verification_success",
  "success": true
}
{
  "timestamp": "2025-01-05T01:46:48.720Z",
  "type": "smtp_verification_success",
  "success": true
}
{
  "timestamp": "2025-01-05T01:50:05.273Z",
  "type": "smtp_verification_success",
  "success": true
}
{
  "timestamp": "2025-01-05T01:50:12.778Z",
  "type": "smtp_verification_success",
  "success": true
}
{
  "timestamp": "2025-01-05T01:50:22.222Z",
  "type": "smtp_verification_success",
  "success": true
}
{
  "timestamp": "2025-01-05T01:53:10.404Z",
  "type": "smtp_verification_success",
  "success": true
}
{
  "timestamp": "2025-01-05T01:57:45.578Z",
  "type": "smtp_verification_success",
  "success": true
}
{
  "timestamp": "2025-01-05T02:02:23.100Z",
  "type": "smtp_verification_success",
  "success": true
}
{
  "timestamp": "2025-01-05T02:04:38.276Z",
  "type": "smtp_verification_success",
  "success": true
}
{
  "timestamp": "2025-01-05T02:06:01.376Z",
  "type": "smtp_verification_success",
  "success": true
}
{
  "timestamp": "2025-01-05T02:35:21.012Z",
  "type": "smtp_verification_success",
  "success": true
}
{
  "timestamp": "2025-01-05T02:35:37.925Z",
  "type": "smtp_verification_success",
  "success": true
}
{
  "timestamp": "2025-01-05T02:35:53.245Z",
  "type": "smtp_verification_success",
  "success": true
}
{
  "timestamp": "2025-01-05T02:36:13.957Z",
  "type": "smtp_verification_success",
  "success": true
}
{
  "timestamp": "2025-01-05T02:40:32.119Z",
  "type": "smtp_verification_success",
  "success": true
}
{
  "timestamp": "2025-01-05T02:42:56.153Z",
  "type": "smtp_verification_success",
  "success": true
}
{
  "timestamp": "2025-01-05T02:47:38.133Z",
  "type": "smtp_verification_success",
  "success": true
}
{
  "timestamp": "2025-01-05T02:52:58.658Z",
  "type": "smtp_verification_success",
  "success": true
}
{
  "timestamp": "2025-01-05T02:53:22.168Z",
  "type": "smtp_verification_success",
  "success": true
}
{
  "timestamp": "2025-01-05T02:57:16.115Z",
  "type": "smtp_verification_success",
  "success": true
}
